<?xml version="1.0" encoding="UTF-8" ?>
<testsuites>
  <testsuite failures="1" hostname="ibm-vishalpoudel" id="0" name="URL_Pro/tests" package="" skipped="0" tests="1" time="1.158" timestamp="Thu Oct 13 14:49:39 IST 2022">
	    <properties>
		      <property name="excludeCallableTestCases" value="true" />

		      <property name="testEnvironment" value="1337b" />

		      <property name="pluginOutputLevel" value="FINEST" />

		      <property name="projectPath" value="C:\Users\vishal.poudel\Provar\URLTest\URL_Pro" />

		      <property name="salesforceMetadataCache" value="Reload" />

		      <property name="resultsPathDisposition" value="Increment" />

		      <property name="testOutputLevel" value="FINEST" />

		      <property name="webBrowserType" value="Chrome" />

		      <property name="resultsPath" value="../ANT/Results" />

		      <property name="webBrowserConfiguration" value="Full Screen" />

		      <property name="projectCachePath" value="C:\Users\vishal.poudel\Provar\URLTest\URL_Pro\ANT\..\..\.provarCaches9" />

	    </properties>

	    <testcase classname="tests/Test Case 9.testcase" name="Test Case 9.testcase" time="1.118">
		      <failure message="Execution failed"><![CDATA[asdfg]]></failure>

	    </testcase>

  </testsuite>
</testsuites>
